gwFileConfigXML returned 1 
*************************************************************
Glasswall Command Line Initiator
Platform: Linux
Environment: 64 Bit
Version: 0.4
Notes: Supports process modes:
   0 Analysis
   1 ManageProtect
   2 ManageProtectLite
   3 ManageProtectReport (short form)
   4 ExportMode
   5 ImportMode
   6 ArchiveAnalysis
   7 ArchiveProtect
   8 WordSearch

Recognised values for fileStorageMode are:
   0 file to file
   1 file to memory
   2 memory to memory

fileToFileMode is deprecated and fileStorageMode should be used in preference.

Use command line option -a to call API function GWGetAllIdInfo, -b for GWGetIdInfo, or -v for GWFileVersion
   -a XMLOUTPUTFILE
   -b ID_NUM TXTOUTPUTFILE
   -v

Also supports wildcarding of filetype (with *) and override of processMode, reportMode, fileToFileMode, fileType

*************************************************************
START LOGGING Sat Aug 29 08:57:44 2020

SOFTWARE VERSION 1.99
*************************************************************
*************************************************************
Process Settings
*************************************************************
*************************************************************
<?xml version="1.0" encoding="utf-8"?>
<config><pdfConfig><watermark>Glasswall Approved</watermark>
<metadata>sanitise</metadata>
<javascript>sanitise</javascript>
<acroform>sanitise</acroform>
<actions_all>sanitise</actions_all>
<embedded_files>sanitise</embedded_files>
<external_hyperlinks>sanitise</external_hyperlinks>
<internal_hyperlinks>sanitise</internal_hyperlinks>
<embedded_images>sanitise</embedded_images>
<value_outside_reasonable_limits>allow</value_outside_reasonable_limits>
<retain_exported_streams>allow</retain_exported_streams>
</pdfConfig>
<wordConfig><metadata>sanitise</metadata>
<macros>sanitise</macros>
<embedded_files>sanitise</embedded_files>
<review_comments>sanitise</review_comments>
<internal_hyperlinks>sanitise</internal_hyperlinks>
<external_hyperlinks>sanitise</external_hyperlinks>
<dynamic_data_exchange>sanitise</dynamic_data_exchange>
<embedded_images>sanitise</embedded_images>
</wordConfig>
<pptConfig><metadata>sanitise</metadata>
<macros>sanitise</macros>
<embedded_files>sanitise</embedded_files>
<review_comments>sanitise</review_comments>
<internal_hyperlinks>sanitise</internal_hyperlinks>
<external_hyperlinks>sanitise</external_hyperlinks>
<embedded_images>sanitise</embedded_images>
</pptConfig>
<xlsConfig><metadata>sanitise</metadata>
<macros>sanitise</macros>
<embedded_files>sanitise</embedded_files>
<internal_hyperlinks>sanitise</internal_hyperlinks>
<external_hyperlinks>sanitise</external_hyperlinks>
<review_comments>sanitise</review_comments>
<dynamic_data_exchange>sanitise</dynamic_data_exchange>
<embedded_images>sanitise</embedded_images>
</xlsConfig>
<tiffConfig><geotiff>sanitise</geotiff>
</tiffConfig>
</config>

*************************************************************
==00000== Found File /input/External+Hyperlink+to+google_Hyperlink_MS+Powerpoint+2003+and+later.pptx		Passed
==00001== Found File /input/Opens+calculator+app_macro_MS+excel+97+2003.xls		Passed
==00002== Found File /input/Unable+to+Rebuild_PNG+magic+No.jpg	Failed with Error	[FAILURE_LOG_PNG_CHUNK_4257746165] Unable to tokenise PNG chunk length.==00003== Found File /input/Complete+works+of+shakespeare+hidden+zip_Polyglot_image.jpg		Passed
==00004== Found File /input/PDF_with_javascript.pdf		Passed
==00005== Found File /input/MacroRunCalculator.docm		Passed
==00006== Found File /input/Execute+Java+Script_JS_PDF.pdf		Passed

*************************************************************
STOPLOGGING Sat Aug 29 08:57:45 2020

Duration  0hrs  0mins  1secs

*************************************************************
